{"G:\\_dev\\react\\projetosReact\\starwars-mini-pedia\\backend\\controllers\\user-controller.js": {"path":"G:\\_dev\\react\\projetosReact\\starwars-mini-pedia\\backend\\controllers\\user-controller.js","statementMap":{"0":{"start":{"line":1,"column":12},"end":{"line":1,"column":35}},"1":{"start":{"line":2,"column":15},"end":{"line":2,"column":34}},"2":{"start":{"line":3,"column":29},"end":{"line":3,"column":57}},"3":{"start":{"line":4,"column":17},"end":{"line":4,"column":36}},"4":{"start":{"line":6,"column":13},"end":{"line":6,"column":38}},"5":{"start":{"line":8,"column":18},"end":{"line":8,"column":49}},"6":{"start":{"line":10,"column":0},"end":{"line":21,"column":2}},"7":{"start":{"line":13,"column":1},"end":{"line":18,"column":2}},"8":{"start":{"line":14,"column":2},"end":{"line":14,"column":43}},"9":{"start":{"line":16,"column":16},"end":{"line":16,"column":60}},"10":{"start":{"line":17,"column":2},"end":{"line":17,"column":21}},"11":{"start":{"line":20,"column":1},"end":{"line":20,"column":17}},"12":{"start":{"line":23,"column":0},"end":{"line":95,"column":2}},"13":{"start":{"line":24,"column":16},"end":{"line":24,"column":37}},"14":{"start":{"line":25,"column":1},"end":{"line":27,"column":2}},"15":{"start":{"line":26,"column":2},"end":{"line":26,"column":69}},"16":{"start":{"line":29,"column":35},"end":{"line":29,"column":43}},"17":{"start":{"line":32,"column":1},"end":{"line":38,"column":2}},"18":{"start":{"line":33,"column":2},"end":{"line":33,"column":51}},"19":{"start":{"line":35,"column":16},"end":{"line":35,"column":67}},"20":{"start":{"line":36,"column":2},"end":{"line":36,"column":19}},"21":{"start":{"line":37,"column":2},"end":{"line":37,"column":21}},"22":{"start":{"line":40,"column":1},"end":{"line":43,"column":2}},"23":{"start":{"line":41,"column":16},"end":{"line":41,"column":58}},"24":{"start":{"line":42,"column":2},"end":{"line":42,"column":21}},"25":{"start":{"line":46,"column":1},"end":{"line":54,"column":2}},"26":{"start":{"line":47,"column":2},"end":{"line":47,"column":51}},"27":{"start":{"line":49,"column":16},"end":{"line":52,"column":3}},"28":{"start":{"line":53,"column":2},"end":{"line":53,"column":21}},"29":{"start":{"line":56,"column":21},"end":{"line":60,"column":3}},"30":{"start":{"line":62,"column":1},"end":{"line":68,"column":2}},"31":{"start":{"line":63,"column":2},"end":{"line":63,"column":27}},"32":{"start":{"line":65,"column":16},"end":{"line":65,"column":73}},"33":{"start":{"line":66,"column":2},"end":{"line":66,"column":19}},"34":{"start":{"line":67,"column":2},"end":{"line":67,"column":21}},"35":{"start":{"line":73,"column":1},"end":{"line":85,"column":2}},"36":{"start":{"line":74,"column":2},"end":{"line":78,"column":4}},"37":{"start":{"line":80,"column":16},"end":{"line":83,"column":3}},"38":{"start":{"line":84,"column":2},"end":{"line":84,"column":21}},"39":{"start":{"line":87,"column":1},"end":{"line":92,"column":4}},"40":{"start":{"line":94,"column":1},"end":{"line":94,"column":19}},"41":{"start":{"line":97,"column":0},"end":{"line":147,"column":2}},"42":{"start":{"line":98,"column":29},"end":{"line":98,"column":37}},"43":{"start":{"line":102,"column":1},"end":{"line":107,"column":2}},"44":{"start":{"line":103,"column":2},"end":{"line":103,"column":46}},"45":{"start":{"line":105,"column":16},"end":{"line":105,"column":75}},"46":{"start":{"line":106,"column":2},"end":{"line":106,"column":21}},"47":{"start":{"line":109,"column":1},"end":{"line":112,"column":2}},"48":{"start":{"line":110,"column":16},"end":{"line":110,"column":71}},"49":{"start":{"line":111,"column":2},"end":{"line":111,"column":21}},"50":{"start":{"line":113,"column":19},"end":{"line":113,"column":24}},"51":{"start":{"line":115,"column":1},"end":{"line":120,"column":2}},"52":{"start":{"line":116,"column":2},"end":{"line":116,"column":62}},"53":{"start":{"line":118,"column":16},"end":{"line":118,"column":59}},"54":{"start":{"line":119,"column":2},"end":{"line":119,"column":21}},"55":{"start":{"line":122,"column":1},"end":{"line":122,"column":26}},"56":{"start":{"line":124,"column":1},"end":{"line":127,"column":2}},"57":{"start":{"line":125,"column":16},"end":{"line":125,"column":71}},"58":{"start":{"line":126,"column":2},"end":{"line":126,"column":21}},"59":{"start":{"line":130,"column":1},"end":{"line":139,"column":2}},"60":{"start":{"line":131,"column":2},"end":{"line":135,"column":4}},"61":{"start":{"line":137,"column":16},"end":{"line":137,"column":55}},"62":{"start":{"line":138,"column":2},"end":{"line":138,"column":21}},"63":{"start":{"line":141,"column":1},"end":{"line":146,"column":4}},"64":{"start":{"line":149,"column":0},"end":{"line":165,"column":2}},"65":{"start":{"line":150,"column":16},"end":{"line":150,"column":33}},"66":{"start":{"line":152,"column":12},"end":{"line":152,"column":48}},"67":{"start":{"line":154,"column":1},"end":{"line":162,"column":2}},"68":{"start":{"line":155,"column":15},"end":{"line":155,"column":44}},"69":{"start":{"line":156,"column":2},"end":{"line":156,"column":26}},"70":{"start":{"line":157,"column":2},"end":{"line":157,"column":39}},"71":{"start":{"line":158,"column":2},"end":{"line":158,"column":33}},"72":{"start":{"line":160,"column":16},"end":{"line":160,"column":73}},"73":{"start":{"line":161,"column":2},"end":{"line":161,"column":21}},"74":{"start":{"line":164,"column":1},"end":{"line":164,"column":52}}},"fnMap":{"0":{"name":"(anonymous_0)","decl":{"start":{"line":10,"column":19},"end":{"line":10,"column":20}},"loc":{"start":{"line":10,"column":45},"end":{"line":21,"column":1}},"line":10},"1":{"name":"(anonymous_1)","decl":{"start":{"line":23,"column":21},"end":{"line":23,"column":22}},"loc":{"start":{"line":23,"column":47},"end":{"line":95,"column":1}},"line":23},"2":{"name":"(anonymous_2)","decl":{"start":{"line":97,"column":20},"end":{"line":97,"column":21}},"loc":{"start":{"line":97,"column":46},"end":{"line":147,"column":1}},"line":97},"3":{"name":"(anonymous_3)","decl":{"start":{"line":149,"column":21},"end":{"line":149,"column":22}},"loc":{"start":{"line":149,"column":47},"end":{"line":165,"column":1}},"line":149}},"branchMap":{"0":{"loc":{"start":{"line":25,"column":1},"end":{"line":27,"column":2}},"type":"if","locations":[{"start":{"line":25,"column":1},"end":{"line":27,"column":2}},{"start":{"line":25,"column":1},"end":{"line":27,"column":2}}],"line":25},"1":{"loc":{"start":{"line":40,"column":1},"end":{"line":43,"column":2}},"type":"if","locations":[{"start":{"line":40,"column":1},"end":{"line":43,"column":2}},{"start":{"line":40,"column":1},"end":{"line":43,"column":2}}],"line":40},"2":{"loc":{"start":{"line":109,"column":1},"end":{"line":112,"column":2}},"type":"if","locations":[{"start":{"line":109,"column":1},"end":{"line":112,"column":2}},{"start":{"line":109,"column":1},"end":{"line":112,"column":2}}],"line":109},"3":{"loc":{"start":{"line":124,"column":1},"end":{"line":127,"column":2}},"type":"if","locations":[{"start":{"line":124,"column":1},"end":{"line":127,"column":2}},{"start":{"line":124,"column":1},"end":{"line":127,"column":2}}],"line":124}},"s":{"0":1,"1":1,"2":1,"3":1,"4":1,"5":1,"6":1,"7":1,"8":1,"9":0,"10":0,"11":1,"12":1,"13":5,"14":5,"15":0,"16":5,"17":5,"18":5,"19":0,"20":0,"21":0,"22":5,"23":0,"24":0,"25":5,"26":5,"27":0,"28":0,"29":5,"30":5,"31":5,"32":0,"33":0,"34":0,"35":5,"36":5,"37":0,"38":0,"39":5,"40":5,"41":1,"42":3,"43":3,"44":3,"45":0,"46":0,"47":3,"48":1,"49":1,"50":2,"51":2,"52":2,"53":0,"54":0,"55":2,"56":2,"57":1,"58":1,"59":1,"60":1,"61":0,"62":0,"63":1,"64":1,"65":1,"66":1,"67":1,"68":1,"69":0,"70":0,"71":0,"72":1,"73":1,"74":0},"f":{"0":1,"1":5,"2":3,"3":1},"b":{"0":[0,5],"1":[0,5],"2":[1,2],"3":[1,1]},"_coverageSchema":"1a1c01bbd47fc00a2c39e90264f33305004495a9","hash":"a7695e924b317024bbf152d84950ea0c4a45d37d"}
,"G:\\_dev\\react\\projetosReact\\starwars-mini-pedia\\backend\\models\\http-error.js": {"path":"G:\\_dev\\react\\projetosReact\\starwars-mini-pedia\\backend\\models\\http-error.js","statementMap":{"0":{"start":{"line":3,"column":2},"end":{"line":3,"column":17}},"1":{"start":{"line":4,"column":2},"end":{"line":4,"column":25}},"2":{"start":{"line":8,"column":0},"end":{"line":8,"column":27}}},"fnMap":{"0":{"name":"(anonymous_0)","decl":{"start":{"line":2,"column":1},"end":{"line":2,"column":2}},"loc":{"start":{"line":2,"column":34},"end":{"line":5,"column":2}},"line":2}},"branchMap":{},"s":{"0":3,"1":3,"2":1},"f":{"0":3},"b":{},"_coverageSchema":"1a1c01bbd47fc00a2c39e90264f33305004495a9","hash":"4a32fefb5a5f36da0263aa75a067c3f60c306002"}
,"G:\\_dev\\react\\projetosReact\\starwars-mini-pedia\\backend\\models\\user.js": {"path":"G:\\_dev\\react\\projetosReact\\starwars-mini-pedia\\backend\\models\\user.js","statementMap":{"0":{"start":{"line":1,"column":17},"end":{"line":1,"column":36}},"1":{"start":{"line":2,"column":24},"end":{"line":2,"column":60}},"2":{"start":{"line":4,"column":15},"end":{"line":4,"column":30}},"3":{"start":{"line":6,"column":19},"end":{"line":12,"column":2}},"4":{"start":{"line":14,"column":0},"end":{"line":14,"column":35}},"5":{"start":{"line":16,"column":0},"end":{"line":19,"column":3}},"6":{"start":{"line":17,"column":1},"end":{"line":17,"column":30}},"7":{"start":{"line":18,"column":1},"end":{"line":18,"column":8}},"8":{"start":{"line":21,"column":0},"end":{"line":24,"column":3}},"9":{"start":{"line":22,"column":1},"end":{"line":22,"column":30}},"10":{"start":{"line":23,"column":1},"end":{"line":23,"column":8}},"11":{"start":{"line":26,"column":0},"end":{"line":26,"column":52}}},"fnMap":{"0":{"name":"(anonymous_0)","decl":{"start":{"line":16,"column":35},"end":{"line":16,"column":36}},"loc":{"start":{"line":16,"column":51},"end":{"line":19,"column":1}},"line":16},"1":{"name":"(anonymous_1)","decl":{"start":{"line":21,"column":23},"end":{"line":21,"column":24}},"loc":{"start":{"line":21,"column":39},"end":{"line":24,"column":1}},"line":21}},"branchMap":{},"s":{"0":1,"1":1,"2":1,"3":1,"4":1,"5":1,"6":0,"7":0,"8":1,"9":0,"10":0,"11":1},"f":{"0":0,"1":0},"b":{},"_coverageSchema":"1a1c01bbd47fc00a2c39e90264f33305004495a9","hash":"b8c192a7b4f73c0510b948f214b9fa225085123b"}
}
