TN:
SF:controllers\user-controller.js
FN:10,(anonymous_0)
FN:23,(anonymous_1)
FN:97,(anonymous_2)
FN:149,(anonymous_3)
FNF:4
FNH:4
FNDA:1,(anonymous_0)
FNDA:5,(anonymous_1)
FNDA:3,(anonymous_2)
FNDA:1,(anonymous_3)
DA:1,1
DA:2,1
DA:3,1
DA:4,1
DA:6,1
DA:8,1
DA:10,1
DA:13,1
DA:14,1
DA:16,0
DA:17,0
DA:20,1
DA:23,1
DA:24,5
DA:25,5
DA:26,0
DA:29,5
DA:32,5
DA:33,5
DA:35,0
DA:36,0
DA:37,0
DA:40,5
DA:41,0
DA:42,0
DA:46,5
DA:47,5
DA:49,0
DA:53,0
DA:56,5
DA:62,5
DA:63,5
DA:65,0
DA:66,0
DA:67,0
DA:73,5
DA:74,5
DA:80,0
DA:84,0
DA:87,5
DA:94,5
DA:97,1
DA:98,3
DA:102,3
DA:103,3
DA:105,0
DA:106,0
DA:109,3
DA:110,1
DA:111,1
DA:113,2
DA:115,2
DA:116,2
DA:118,0
DA:119,0
DA:122,2
DA:124,2
DA:125,1
DA:126,1
DA:130,1
DA:131,1
DA:137,0
DA:138,0
DA:141,1
DA:149,1
DA:150,1
DA:152,1
DA:154,1
DA:155,1
DA:156,0
DA:157,0
DA:158,0
DA:160,1
DA:161,1
DA:164,0
LF:75
LH:50
BRDA:25,0,0,0
BRDA:25,0,1,5
BRDA:40,1,0,0
BRDA:40,1,1,5
BRDA:109,2,0,1
BRDA:109,2,1,2
BRDA:124,3,0,1
BRDA:124,3,1,1
BRF:8
BRH:6
end_of_record
TN:
SF:models\http-error.js
FN:2,(anonymous_0)
FNF:1
FNH:1
FNDA:3,(anonymous_0)
DA:3,3
DA:4,3
DA:8,1
LF:3
LH:3
BRF:0
BRH:0
end_of_record
TN:
SF:models\user.js
FN:16,(anonymous_0)
FN:21,(anonymous_1)
FNF:2
FNH:0
FNDA:0,(anonymous_0)
FNDA:0,(anonymous_1)
DA:1,1
DA:2,1
DA:4,1
DA:6,1
DA:14,1
DA:16,1
DA:17,0
DA:18,0
DA:21,1
DA:22,0
DA:23,0
DA:26,1
LF:12
LH:8
BRF:0
BRH:0
end_of_record
